<?xml version="1.0" encoding="UTF-8"?>
<!-- Generated by org.testng.reporters.JUnitXMLReporter -->
<testsuite ignored="0" hostname="Manjupriya" failures="0" tests="3" name="Default test" time="0.171" errors="0" timestamp="2022-04-02T21:11:12 IST">
  <testcase classname="com.testng.features.Assert_Concept" name="username" time="0.022"/>
  <testcase classname="com.testng.features.Assert_Concept" name="password" time="0.003"/>
  <testcase classname="com.testng.features.Assert_Concept" name="result" time="0.009"/>
</testsuite> <!-- Default test -->
