<?xml version="1.0" encoding="UTF-8"?>
<testng-results ignored="0" total="2" passed="2" failed="0" skipped="0">
  <reporter-output>
  </reporter-output>
  <suite started-at="2022-04-02T21:15:32 IST" name="Suite" finished-at="2022-04-02T21:15:32 IST" duration-ms="124">
    <groups>
    </groups>
    <test started-at="2022-04-02T21:15:32 IST" name="Test" finished-at="2022-04-02T21:15:32 IST" duration-ms="124">
      <class name="com.testng.features.Multi_Threading">
        <test-method signature="password()[pri:0, instance:com.testng.features.Multi_Threading@6d4e5011]" started-at="2022-04-02T21:15:32 IST" name="password" finished-at="2022-04-02T21:15:32 IST" duration-ms="19" status="PASS">
          <reporter-output>
          </reporter-output>
        </test-method> <!-- password -->
        <test-method signature="username()[pri:0, instance:com.testng.features.Multi_Threading@6d4e5011]" started-at="2022-04-02T21:15:32 IST" name="username" finished-at="2022-04-02T21:15:32 IST" duration-ms="19" status="PASS">
          <reporter-output>
          </reporter-output>
        </test-method> <!-- username -->
      </class> <!-- com.testng.features.Multi_Threading -->
    </test> <!-- Test -->
  </suite> <!-- Suite -->
</testng-results>
